<?xml version="1.0" encoding="UTF-8"?>
<coverage generated="1683773874454" clover="3.2.0">
  <project timestamp="1683773874454" name="All files">
    <metrics statements="11" coveredstatements="5" conditionals="8" coveredconditionals="1" methods="1" coveredmethods="1" elements="20" coveredelements="7" complexity="0" loc="11" ncloc="11" packages="1" files="1" classes="1"/>
    <file name="index.js" path="/Users/julianamorroni/Documents/Cursos 2023/XP-you-are-a-square/src/index.js">
      <metrics statements="11" coveredstatements="5" conditionals="8" coveredconditionals="1" methods="1" coveredmethods="1"/>
      <line num="3" count="4" type="stmt"/>
      <line num="4" count="4" type="stmt"/>
      <line num="6" count="4" type="cond" truecount="1" falsecount="1"/>
      <line num="7" count="4" type="stmt"/>
      <line num="9" count="0" type="cond" truecount="0" falsecount="2"/>
      <line num="10" count="0" type="stmt"/>
      <line num="12" count="0" type="cond" truecount="0" falsecount="2"/>
      <line num="13" count="0" type="stmt"/>
      <line num="15" count="0" type="cond" truecount="0" falsecount="2"/>
      <line num="16" count="0" type="stmt"/>
      <line num="20" count="1" type="stmt"/>
    </file>
  </project>
</coverage>
